<?xml version="1.0" encoding="UTF-8"?>
<testsuite name="RockPaperScissorsTest" tests="1" skipped="0" failures="0" errors="0" timestamp="2016-04-20T16:23:54" hostname="epicodus-79.local" time="0.001">
  <properties/>
  <testcase name="playRPS_recieveInputForPlayer1_expectInputString" classname="RockPaperScissorsTest" time="0.001"/>
  <system-out><![CDATA[]]></system-out>
  <system-err><![CDATA[]]></system-err>
</testsuite>
