<?xml version="1.0" encoding="UTF-8"?>
<testsuite name="RockPaperScissorsTest" tests="7" skipped="0" failures="0" errors="0" timestamp="2016-04-20T18:39:54" hostname="epicodus-79.local" time="0.002">
  <properties/>
  <testcase name="playRPS_announcePlayer1Wins_winningResultString" classname="RockPaperScissorsTest" time="0.001"/>
  <testcase name="playRPS_announceTie_winningResultString" classname="RockPaperScissorsTest" time="0.0"/>
  <testcase name="checkWinner_scissorsBeatsPaper_true" classname="RockPaperScissorsTest" time="0.0"/>
  <testcase name="checkWinner_rockBeatsScissors_true" classname="RockPaperScissorsTest" time="0.0"/>
  <testcase name="playRPS_announcePlayer2Wins_winningResultString" classname="RockPaperScissorsTest" time="0.0"/>
  <testcase name="checkWinner_paperBeatsRock_true" classname="RockPaperScissorsTest" time="0.0"/>
  <testcase name="checkWinner_scissorsLosesToRock_false" classname="RockPaperScissorsTest" time="0.0"/>
  <system-out><![CDATA[]]></system-out>
  <system-err><![CDATA[]]></system-err>
</testsuite>
